#
# A fatal error has been detected by the Java Runtime Environment:
#
#  Internal Error (javaClasses.cpp:136), pid=8436, tid=9908
#  fatal error: Invalid layout of preloaded class
#
# JRE version:  (7.0_51-b13) (build )
# Java VM: Java HotSpot(TM) 64-Bit Server VM (24.51-b03 mixed mode windows-amd64 compressed oops)
# Failed to write core dump. Minidumps are not enabled by default on client versions of Windows
#
# If you would like to submit a bug report, please visit:
#   http://bugreport.sun.com/bugreport/crash.jsp
#

---------------  T H R E A D  ---------------

Current thread (0x0000000002aa0800):  JavaThread "Unknown thread" [_thread_in_vm, id=9908, stack(0x00000000029a0000,0x0000000002aa0000)]

Stack: [0x00000000029a0000,0x0000000002aa0000]

---------------  P R O C E S S  ---------------

Java Threads: ( => current thread )

Other Threads:

=>0x0000000002aa0800 (exited) JavaThread "Unknown thread" [_thread_in_vm, id=9908, stack(0x00000000029a0000,0x0000000002aa0000)]

VM state:not at safepoint (not fully initialized)

VM Mutex/Monitor currently owned by a thread: None

GC Heap History (0 events):
No events

Deoptimization events (0 events):
No events

Internal exceptions (0 events):
No events

Events (10 events):
Event: 0.012 loading class 0x0000000002af0b80 done
Event: 0.012 loading class 0x0000000002af05a0 done
Event: 0.012 loading class 0x0000000002af0580
Event: 0.012 loading class 0x0000000002af8680
Event: 0.012 loading class 0x0000000002af8680 done
Event: 0.012 loading class 0x0000000002af86b0
Event: 0.012 loading class 0x0000000002af86b0 done
Event: 0.012 loading class 0x0000000002af86e0
Event: 0.012 loading class 0x0000000002af86e0 done
Event: 0.012 loading class 0x0000000002af0580 done


Dynamic libraries:
0x00007ff6a9360000 - 0x00007ff6a9393000 	D:\Program Files\Java\jdk1.7.0_51\bin\javaw.exe
0x00007fff89b40000 - 0x00007fff89ce9000 	C:\Windows\SYSTEM32\ntdll.dll
0x00007fff889f0000 - 0x00007fff88b29000 	C:\Windows\system32\KERNEL32.DLL
0x00007fff872c0000 - 0x00007fff873cf000 	C:\Windows\system32\KERNELBASE.dll
0x00007fff85ac0000 - 0x00007fff85b4b000 	C:\Windows\system32\apphelp.dll
0x00007fff76220000 - 0x00007fff7626f000 	C:\Windows\AppPatch\AppPatch64\AcGenral.DLL
0x00007fff891a0000 - 0x00007fff89247000 	C:\Windows\system32\msvcrt.dll
0x00007fff86cd0000 - 0x00007fff86cfb000 	C:\Windows\SYSTEM32\SspiCli.dll
0x00007fff88b30000 - 0x00007fff88b81000 	C:\Windows\system32\SHLWAPI.dll
0x00007fff899c0000 - 0x00007fff89b31000 	C:\Windows\system32\USER32.dll
0x00007fff89800000 - 0x00007fff89976000 	C:\Windows\system32\ole32.dll
0x00007fff87440000 - 0x00007fff8884f000 	C:\Windows\system32\SHELL32.dll
0x00007fff864a0000 - 0x00007fff864bf000 	C:\Windows\SYSTEM32\USERENV.dll
0x00007fff89570000 - 0x00007fff89615000 	C:\Windows\system32\ADVAPI32.dll
0x00007fff7c470000 - 0x00007fff7c48b000 	C:\Windows\SYSTEM32\MPR.dll
0x00007fff88850000 - 0x00007fff88986000 	C:\Windows\system32\RPCRT4.dll
0x00007fff88fa0000 - 0x00007fff88ff7000 	C:\Windows\SYSTEM32\sechost.dll
0x00007fff89620000 - 0x00007fff897f7000 	C:\Windows\SYSTEM32\combase.dll
0x00007fff89260000 - 0x00007fff893a5000 	C:\Windows\system32\GDI32.dll
0x00007fff86ec0000 - 0x00007fff86ed4000 	C:\Windows\SYSTEM32\profapi.dll
0x00007fff854e0000 - 0x00007fff85581000 	C:\Windows\SYSTEM32\SHCORE.dll
0x00007fff89980000 - 0x00007fff899b4000 	C:\Windows\system32\IMM32.DLL
0x00007fff893d0000 - 0x00007fff89508000 	C:\Windows\system32\MSCTF.dll
0x00007fff86e80000 - 0x00007fff86eaf000 	C:\Windows\system32\nvinitx.dll
0x000000000f000000 - 0x000000000f006000 	C:\Program Files\NVIDIA Corporation\CoProcManager\detoured.dll
0x00007fff85020000 - 0x00007fff8507f000 	C:\Program Files\NVIDIA Corporation\CoProcManager\nvd3d9wrapx.dll
0x00007fff88d20000 - 0x00007fff88ef6000 	C:\Windows\system32\SETUPAPI.dll
0x00007fff86fe0000 - 0x00007fff8702a000 	C:\Windows\system32\CFGMGR32.dll
0x00007fff84f20000 - 0x00007fff84f66000 	C:\Program Files\NVIDIA Corporation\CoProcManager\nvdxgiwrapx.dll
0x00007fff850a0000 - 0x00007fff852fa000 	C:\Windows\WinSxS\amd64_microsoft.windows.common-controls_6595b64144ccf1df_6.0.9600.16384_none_62475f7becb72503\COMCTL32.dll
0x0000000070860000 - 0x0000000070932000 	D:\Program Files\Java\jdk1.7.0_51\jre\bin\msvcr100.dll
0x0000000070c40000 - 0x0000000071409000 	D:\Program Files\Java\jdk1.7.0_51\jre\bin\server\jvm.dll
0x00007fff810e0000 - 0x00007fff810e9000 	C:\Windows\SYSTEM32\WSOCK32.dll
0x00007fff830e0000 - 0x00007fff830ff000 	C:\Windows\SYSTEM32\WINMM.dll
0x00007fff873d0000 - 0x00007fff873d7000 	C:\Windows\system32\PSAPI.DLL
0x00007fff88990000 - 0x00007fff889e8000 	C:\Windows\system32\WS2_32.dll
0x00007fff83050000 - 0x00007fff8307a000 	C:\Windows\SYSTEM32\WINMMBASE.dll
0x00007fff88c60000 - 0x00007fff88c69000 	C:\Windows\system32\NSI.dll
0x00007fff85d20000 - 0x00007fff85d46000 	C:\Windows\SYSTEM32\DEVOBJ.dll
0x0000000071780000 - 0x000000007178f000 	D:\Program Files\Java\jdk1.7.0_51\jre\bin\verify.dll
0x0000000071750000 - 0x0000000071778000 	D:\Program Files\Java\jdk1.7.0_51\jre\bin\java.dll
0x0000000071730000 - 0x0000000071745000 	D:\Program Files\Java\jdk1.7.0_51\jre\bin\zip.dll

VM Arguments:
jvm_args: -Dfile.encoding=UTF-8 -Xbootclasspath:E:\AndroidSdk\platforms\android-19\android.jar 
java_command: com.findyou.domain.tool.DatabaseConfigUtil
Launcher Type: SUN_STANDARD

Environment Variables:
PATH=D:/Program Files/Java/jdk1.7.0_51/bin/../jre/bin/server;D:/Program Files/Java/jdk1.7.0_51/bin/../jre/bin;D:/Program Files/Java/jdk1.7.0_51/bin/../jre/lib/amd64;D:\Program Files\Java\jdk1.7.0_51\bin;C:\Program Files (x86)\NVIDIA Corporation\PhysX\Common;D:\Python33;C:\Program Files (x86)\Intel\iCLS Client\;C:\Program Files\Intel\iCLS Client\;C:\Windows\system32;C:\Windows;C:\Windows\System32\Wbem;C:\Windows\System32\WindowsPowerShell\v1.0\;C:\Program Files\Intel\Intel(R) Management Engine Components\DAL;C:\Program Files\Intel\Intel(R) Management Engine Components\IPT;C:\Program Files (x86)\Intel\Intel(R) Management Engine Components\DAL;C:\Program Files (x86)\Intel\Intel(R) Management Engine Components\IPT;D:\Program Files\eclipse;
USERNAME=wwb
OS=Windows_NT
PROCESSOR_IDENTIFIER=Intel64 Family 6 Model 58 Stepping 9, GenuineIntel



---------------  S Y S T E M  ---------------

OS: Windows 8 , 64 bit Build 9200 

CPU:total 8 (4 cores per cpu, 2 threads per core) family 6 model 58 stepping 9, cmov, cx8, fxsr, mmx, sse, sse2, sse3, ssse3, sse4.1, sse4.2, popcnt, avx, aes, erms, ht, tsc, tscinvbit, tscinv

Memory: 4k page, physical 8245304k(3231592k free), swap 8892472k(2799632k free)

vm_info: Java HotSpot(TM) 64-Bit Server VM (24.51-b03) for windows-amd64 JRE (1.7.0_51-b13), built on Dec 18 2013 18:40:56 by "java_re" with unknown MS VC++:1600

time: Sun Mar 09 15:26:42 2014
elapsed time: 0 seconds

